<?xml version="1.0" encoding="UTF-8"?>
<!-- Generated by org.testng.reporters.JUnitXMLReporter -->
<testsuite hostname="MAYUR-PC" ignored="0" name="Apis" tests="14" failures="0" timestamp="2020-04-18T00:44:03 IST" time="31.647" errors="0">
  <testcase name="createEmployee" time="7.559" classname="com.automationframe.testcases.CreateEmployee"/>
  <testcase name="deleteData" time="6.006" classname="com.automationframe.testcases.DeleteEmployee"/>
  <testcase name="checkContentEncoding" time="0.014" classname="com.automationframe.testcases.GetAllEmployees"/>
  <testcase name="checkContentLength" time="0.004" classname="com.automationframe.testcases.GetAllEmployees"/>
  <testcase name="checkContentType" time="0.004" classname="com.automationframe.testcases.GetAllEmployees"/>
  <testcase name="checkResponseTime" time="0.007" classname="com.automationframe.testcases.GetAllEmployees"/>
  <testcase name="checkServerType" time="0.01" classname="com.automationframe.testcases.GetAllEmployees"/>
  <testcase name="checkStatusCode" time="0.003" classname="com.automationframe.testcases.GetAllEmployees"/>
  <testcase name="checkStatusLine" time="0.004" classname="com.automationframe.testcases.GetAllEmployees"/>
  <testcase name="tearDown" time="0.004" classname="com.automationframe.testcases.GetAllEmployees"/>
  <testcase name="testResponsebody" time="0.016" classname="com.automationframe.testcases.GetAllEmployees"/>
  <testcase name="checkResponseBody" time="0.006" classname="com.automationframe.testcases.RetrieveEmpInfo"/>
  <testcase name="checkStatuscode" time="0.003" classname="com.automationframe.testcases.RetrieveEmpInfo"/>
  <testcase name="updateEmployee" time="5.98" classname="com.automationframe.testcases.UpdateEmployee"/>
</testsuite> <!-- Apis -->
