<?xml version="1.0" encoding="UTF-8"?>
<testng-results skipped="0" failed="0" ignored="0" total="14" passed="14">
  <reporter-output>
  </reporter-output>
  <suite name="RestAssured" duration-ms="31647" started-at="2020-04-18T00:43:31 IST" finished-at="2020-04-18T00:44:02 IST">
    <groups>
    </groups>
    <test name="Apis" duration-ms="31647" started-at="2020-04-18T00:43:31 IST" finished-at="2020-04-18T00:44:02 IST">
      <class name="com.automationframe.testcases.GetAllEmployees">
        <test-method status="PASS" signature="setup()[pri:0, instance:com.automationframe.testcases.GetAllEmployees@394e1a0f]" name="setup" is-config="true" duration-ms="6" started-at="2020-04-18T00:43:47 IST" finished-at="2020-04-18T00:43:47 IST">
          <reporter-output>
          </reporter-output>
        </test-method> <!-- setup -->
        <test-method status="PASS" signature="getAllEmployees()[pri:0, instance:com.automationframe.testcases.GetAllEmployees@394e1a0f]" name="getAllEmployees" is-config="true" duration-ms="3178" started-at="2020-04-18T00:43:47 IST" finished-at="2020-04-18T00:43:50 IST">
          <reporter-output>
          </reporter-output>
        </test-method> <!-- getAllEmployees -->
        <test-method status="PASS" signature="checkContentEncoding()[pri:0, instance:com.automationframe.testcases.GetAllEmployees@394e1a0f]" name="checkContentEncoding" duration-ms="14" started-at="2020-04-18T00:43:50 IST" finished-at="2020-04-18T00:43:50 IST">
          <reporter-output>
          </reporter-output>
        </test-method> <!-- checkContentEncoding -->
        <test-method status="PASS" signature="checkContentLength()[pri:0, instance:com.automationframe.testcases.GetAllEmployees@394e1a0f]" name="checkContentLength" duration-ms="4" started-at="2020-04-18T00:43:50 IST" finished-at="2020-04-18T00:43:50 IST">
          <reporter-output>
          </reporter-output>
        </test-method> <!-- checkContentLength -->
        <test-method status="PASS" signature="checkContentType()[pri:0, instance:com.automationframe.testcases.GetAllEmployees@394e1a0f]" name="checkContentType" duration-ms="4" started-at="2020-04-18T00:43:50 IST" finished-at="2020-04-18T00:43:50 IST">
          <reporter-output>
          </reporter-output>
        </test-method> <!-- checkContentType -->
        <test-method status="PASS" signature="checkResponseTime()[pri:0, instance:com.automationframe.testcases.GetAllEmployees@394e1a0f]" name="checkResponseTime" duration-ms="7" started-at="2020-04-18T00:43:50 IST" finished-at="2020-04-18T00:43:50 IST">
          <reporter-output>
          </reporter-output>
        </test-method> <!-- checkResponseTime -->
        <test-method status="PASS" signature="checkServerType()[pri:0, instance:com.automationframe.testcases.GetAllEmployees@394e1a0f]" name="checkServerType" duration-ms="10" started-at="2020-04-18T00:43:50 IST" finished-at="2020-04-18T00:43:50 IST">
          <reporter-output>
          </reporter-output>
        </test-method> <!-- checkServerType -->
        <test-method status="PASS" signature="checkStatusCode()[pri:0, instance:com.automationframe.testcases.GetAllEmployees@394e1a0f]" name="checkStatusCode" duration-ms="3" started-at="2020-04-18T00:43:50 IST" finished-at="2020-04-18T00:43:50 IST">
          <reporter-output>
          </reporter-output>
        </test-method> <!-- checkStatusCode -->
        <test-method status="PASS" signature="checkStatusLine()[pri:0, instance:com.automationframe.testcases.GetAllEmployees@394e1a0f]" name="checkStatusLine" duration-ms="4" started-at="2020-04-18T00:43:50 IST" finished-at="2020-04-18T00:43:50 IST">
          <reporter-output>
          </reporter-output>
        </test-method> <!-- checkStatusLine -->
        <test-method status="PASS" signature="tearDown()[pri:0, instance:com.automationframe.testcases.GetAllEmployees@394e1a0f]" name="tearDown" duration-ms="4" started-at="2020-04-18T00:43:50 IST" finished-at="2020-04-18T00:43:50 IST">
          <reporter-output>
          </reporter-output>
        </test-method> <!-- tearDown -->
        <test-method status="PASS" signature="testResponsebody()[pri:0, instance:com.automationframe.testcases.GetAllEmployees@394e1a0f]" name="testResponsebody" duration-ms="16" started-at="2020-04-18T00:43:50 IST" finished-at="2020-04-18T00:43:50 IST">
          <reporter-output>
          </reporter-output>
        </test-method> <!-- testResponsebody -->
      </class> <!-- com.automationframe.testcases.GetAllEmployees -->
      <class name="com.automationframe.testcases.CreateEmployee">
        <test-method status="PASS" signature="setup()[pri:0, instance:com.automationframe.testcases.CreateEmployee@5a1c0542]" name="setup" is-config="true" duration-ms="115" started-at="2020-04-18T00:43:31 IST" finished-at="2020-04-18T00:43:31 IST">
          <reporter-output>
          </reporter-output>
        </test-method> <!-- setup -->
        <test-method status="PASS" signature="setUp()[pri:0, instance:com.automationframe.testcases.CreateEmployee@5a1c0542]" name="setUp" is-config="true" duration-ms="2030" started-at="2020-04-18T00:43:31 IST" finished-at="2020-04-18T00:43:33 IST">
          <reporter-output>
          </reporter-output>
        </test-method> <!-- setUp -->
        <test-method status="PASS" signature="createEmployee()[pri:0, instance:com.automationframe.testcases.CreateEmployee@5a1c0542]" name="createEmployee" duration-ms="7559" started-at="2020-04-18T00:43:33 IST" finished-at="2020-04-18T00:43:41 IST">
          <reporter-output>
          </reporter-output>
        </test-method> <!-- createEmployee -->
      </class> <!-- com.automationframe.testcases.CreateEmployee -->
      <class name="com.automationframe.testcases.UpdateEmployee">
        <test-method status="PASS" signature="setup()[pri:0, instance:com.automationframe.testcases.UpdateEmployee@1d29cf23]" name="setup" is-config="true" duration-ms="4" started-at="2020-04-18T00:43:56 IST" finished-at="2020-04-18T00:43:56 IST">
          <reporter-output>
          </reporter-output>
        </test-method> <!-- setup -->
        <test-method status="PASS" signature="updateEmp()[pri:0, instance:com.automationframe.testcases.UpdateEmployee@1d29cf23]" name="updateEmp" is-config="true" duration-ms="0" started-at="2020-04-18T00:43:56 IST" finished-at="2020-04-18T00:43:56 IST">
          <reporter-output>
          </reporter-output>
        </test-method> <!-- updateEmp -->
        <test-method status="PASS" signature="updateEmployee()[pri:0, instance:com.automationframe.testcases.UpdateEmployee@1d29cf23]" name="updateEmployee" duration-ms="5980" started-at="2020-04-18T00:43:56 IST" finished-at="2020-04-18T00:44:02 IST">
          <reporter-output>
          </reporter-output>
        </test-method> <!-- updateEmployee -->
      </class> <!-- com.automationframe.testcases.UpdateEmployee -->
      <class name="com.automationframe.testcases.DeleteEmployee">
        <test-method status="PASS" signature="setup()[pri:0, instance:com.automationframe.testcases.DeleteEmployee@396f6598]" name="setup" is-config="true" duration-ms="4" started-at="2020-04-18T00:43:41 IST" finished-at="2020-04-18T00:43:41 IST">
          <reporter-output>
          </reporter-output>
        </test-method> <!-- setup -->
        <test-method status="PASS" signature="deleteData()[pri:0, instance:com.automationframe.testcases.DeleteEmployee@396f6598]" name="deleteData" duration-ms="6006" started-at="2020-04-18T00:43:41 IST" finished-at="2020-04-18T00:43:47 IST">
          <reporter-output>
          </reporter-output>
        </test-method> <!-- deleteData -->
      </class> <!-- com.automationframe.testcases.DeleteEmployee -->
      <class name="com.automationframe.testcases.RetrieveEmpInfo">
        <test-method status="PASS" signature="setup()[pri:0, instance:com.automationframe.testcases.RetrieveEmpInfo@27a5f880]" name="setup" is-config="true" duration-ms="5" started-at="2020-04-18T00:43:50 IST" finished-at="2020-04-18T00:43:50 IST">
          <reporter-output>
          </reporter-output>
        </test-method> <!-- setup -->
        <test-method status="PASS" signature="viewEmployeeInfo()[pri:0, instance:com.automationframe.testcases.RetrieveEmpInfo@27a5f880]" name="viewEmployeeInfo" is-config="true" duration-ms="5945" started-at="2020-04-18T00:43:50 IST" finished-at="2020-04-18T00:43:56 IST">
          <reporter-output>
          </reporter-output>
        </test-method> <!-- viewEmployeeInfo -->
        <test-method status="PASS" signature="checkResponseBody()[pri:0, instance:com.automationframe.testcases.RetrieveEmpInfo@27a5f880]" name="checkResponseBody" duration-ms="6" started-at="2020-04-18T00:43:56 IST" finished-at="2020-04-18T00:43:56 IST">
          <reporter-output>
          </reporter-output>
        </test-method> <!-- checkResponseBody -->
        <test-method status="PASS" signature="checkStatuscode()[pri:0, instance:com.automationframe.testcases.RetrieveEmpInfo@27a5f880]" name="checkStatuscode" duration-ms="3" started-at="2020-04-18T00:43:56 IST" finished-at="2020-04-18T00:43:56 IST">
          <reporter-output>
          </reporter-output>
        </test-method> <!-- checkStatuscode -->
      </class> <!-- com.automationframe.testcases.RetrieveEmpInfo -->
    </test> <!-- Apis -->
  </suite> <!-- RestAssured -->
</testng-results>
